#
# A fatal error has been detected by the Java Runtime Environment:
#
#  SIGSEGV (0xb) at pc=0x66f10a3c, pid=28721, tid=3060513600
#
# JRE version: 7.0_09-b30
# Java VM: OpenJDK Server VM (23.2-b09 mixed mode linux-x86 )
# Problematic frame:
# C  [libamdocl32.so+0xbfa3c]  clRetainSampler+0x249bc
#
# Failed to write core dump. Core dumps have been disabled. To enable core dumping, try "ulimit -c unlimited" before starting Java again
#
# If you would like to submit a bug report, please include
# instructions on how to reproduce the bug and visit:
#   https://bugs.launchpad.net/ubuntu/+source/openjdk-7/
# The crash happened outside the Java Virtual Machine in native code.
# See problematic frame for where to report the bug.
#

---------------  T H R E A D  ---------------

Current thread (0xb6507000):  JavaThread "main" [_thread_in_native, id=28725, stack(0xb666b000,0xb66bc000)]

siginfo:si_signo=SIGSEGV: si_errno=0, si_code=1 (SEGV_MAPERR), si_addr=0xfffffffd

Registers:
EAX=0x00000001, EBX=0x682bc9f8, ECX=0x654a53e8, EDX=0xfffffffd
ESP=0xb66bab4c, EBP=0x000001b8, ESI=0x6547434c, EDI=0x0000000b
EIP=0x66f10a3c, EFLAGS=0x00210282, CR2=0xfffffffd

Top of Stack: (sp=0xb66bab4c)
0xb66bab4c:   66f056d8 fffffff9 63cd8000 0000003c
0xb66bab5c:   00000001 b66bacfc b6e88c19 63c391d0
0xb66bab6c:   682bc9f8 b66bac38 63c39164 63c390a8
0xb66bab7c:   66f02945 63cd7ff0 b66bac6c 000011f0
0xb66bab8c:   b66bac80 00000108 65414738 00000001
0xb66bab9c:   682bc9f8 fffffffa b66bac38 63c390a8
0xb66babac:   66ed2907 63c390a8 65458af0 b66bac80
0xb66babbc:   63cd7fb0 b66bac38 b7128000 b6507248 

Instructions: (pc=0x66f10a3c)
0x66f10a1c:   ff ff 84 c0 74 b5 ba 01 00 00 00 c6 07 01 eb 8e
0x66f10a2c:   8d 74 26 00 8b 54 24 04 b8 01 00 00 00 83 c2 04
0x66f10a3c:   f0 0f c1 02 40 c3 90 90 90 90 90 90 90 90 90 90
0x66f10a4c:   90 90 90 90 53 e8 2f 8f fb ff 81 c3 a2 bf 3a 01 

Register to memory mapping:

EAX=0x00000001 is an unknown value
EBX=0x682bc9f8: <offset 0x146b9f8> in /opt/AMDAPP/lib/x86/libamdocl32.so at 0x66e51000
ECX=0x654a53e8 is an unknown value
EDX=0xfffffffd is an unknown value
ESP=0xb66bab4c is pointing into the stack for thread: 0xb6507000
EBP=0x000001b8 is an unknown value
ESI=0x6547434c is an unknown value
EDI=0x0000000b is an unknown value


Stack: [0xb666b000,0xb66bc000],  sp=0xb66bab4c,  free space=318k
Native frames: (J=compiled Java code, j=interpreted, Vv=VM code, C=native code)
C  [libamdocl32.so+0xbfa3c]  clRetainSampler+0x249bc

[error occurred during error reporting (printing native stack), id 0xb]

Java frames: (J=compiled Java code, j=interpreted, Vv=VM code)
j  com.jogamp.opencl.llb.impl.CLAbstractImpl.dispatch_clEnqueueNDRangeKernel0(JJILjava/lang/Object;ILjava/lang/Object;ILjava/lang/Object;IILjava/lang/Object;ILjava/lang/Object;IJ)I+0
j  com.jogamp.opencl.llb.impl.CLAbstractImpl.clEnqueueNDRangeKernel(JJILcom/jogamp/common/nio/NativeSizeBuffer;Lcom/jogamp/common/nio/NativeSizeBuffer;Lcom/jogamp/common/nio/NativeSizeBuffer;ILcom/jogamp/common/nio/NativeSizeBuffer;Lcom/jogamp/common/nio/NativeSizeBuffer;)I+300
j  com.jogamp.opencl.CLCommandQueue.putNDRangeKernel(Lcom/jogamp/opencl/CLKernel;ILcom/jogamp/common/nio/NativeSizeBuffer;Lcom/jogamp/common/nio/NativeSizeBuffer;Lcom/jogamp/common/nio/NativeSizeBuffer;Lcom/jogamp/opencl/CLEventList;Lcom/jogamp/opencl/CLEventList;)Lcom/jogamp/opencl/CLCommandQueue;+61
j  com.jogamp.opencl.CLCommandQueue.put1DRangeKernel(Lcom/jogamp/opencl/CLKernel;JJJLcom/jogamp/opencl/CLEventList;Lcom/jogamp/opencl/CLEventList;)Lcom/jogamp/opencl/CLCommandQueue;+74
j  com.jogamp.opencl.CLCommandQueue.put1DRangeKernel(Lcom/jogamp/opencl/CLKernel;JJJ)Lcom/jogamp/opencl/CLCommandQueue;+9
j  newyorkjava.Main.findRouteByAStar(Lnewyorkjava/Graph;Lcom/jogamp/opencl/CLContext;Ljava/lang/String;)V+971
j  newyorkjava.Main.main([Ljava/lang/String;)V+478
v  ~StubRoutines::call_stub

---------------  P R O C E S S  ---------------

Java Threads: ( => current thread )
  0x6bd98400 JavaThread "Service Thread" daemon [_thread_blocked, id=28735, stack(0x686ae000,0x686ff000)]
  0x6bd96800 JavaThread "C2 CompilerThread1" daemon [_thread_blocked, id=28734, stack(0x686ff000,0x68780000)]
  0x6bd94800 JavaThread "C2 CompilerThread0" daemon [_thread_blocked, id=28733, stack(0x68780000,0x68801000)]
  0x6bd92c00 JavaThread "Signal Dispatcher" daemon [_thread_blocked, id=28732, stack(0x68801000,0x68852000)]
  0x6bd50800 JavaThread "Finalizer" daemon [_thread_blocked, id=28731, stack(0x68a52000,0x68aa3000)]
  0x6bd4ec00 JavaThread "Reference Handler" daemon [_thread_blocked, id=28730, stack(0x68aa3000,0x68af4000)]
=>0xb6507000 JavaThread "main" [_thread_in_native, id=28725, stack(0xb666b000,0xb66bc000)]

Other Threads:
  0x6bd48400 VMThread [stack: 0x68af4000,0x68b75000] [id=28729]
  0x6bd9a000 WatcherThread [stack: 0x6862d000,0x686ae000] [id=28736]

VM state:not at safepoint (normal execution)

VM Mutex/Monitor currently owned by a thread: None

Heap
 PSYoungGen      total 189888K, used 129691K [0x9e410000, 0xad030000, 0xb3410000)
  eden space 143936K, 68% used [0x9e410000,0xa43b6c38,0xa70a0000)
  from space 45952K, 69% used [0xa9f30000,0xabe30000,0xacc10000)
  to   space 47680K, 0% used [0xa70a0000,0xa70a0000,0xa9f30000)
 ParOldGen       total 143808K, used 82942K [0x74410000, 0x7d080000, 0x9e410000)
  object space 143808K, 57% used [0x74410000,0x7950f870,0x7d080000)
 PSPermGen       total 16384K, used 3315K [0x6c410000, 0x6d410000, 0x74410000)
  object space 16384K, 20% used [0x6c410000,0x6c74ce70,0x6d410000)

Card table byte_map: [0x6c1d7000,0x6c410000] byte_map_base: 0x6be74f80

Polling page: 0xb7746000

Code Cache  [0xb34d9000, 0xb3719000, 0xb64d9000)
 total_blobs=344 nmethods=117 adapters=179 free_code_cache=48616Kb largest_free_block=49762688

Compilation events (10 events):
Event: 4.684 Thread 0x6bd94800 nmethod 106 0xb3561c88 code [0xb3561d80, 0xb3561df0]
Event: 4.685 Thread 0x6bd96800 nmethod 105 0xb355d148 code [0xb355d240, 0xb355d310]
Event: 4.686 Thread 0x6bd94800    8 %           newyorkjava.Main::populateGraphBuffers @ 74 (199 bytes)
Event: 4.692 Thread 0x6bd96800  107             java.util.ArrayList::iterator (10 bytes)
Event: 4.693 Thread 0x6bd96800 nmethod 107 0xb355d448 code [0xb355d540, 0xb355d5fc]
Event: 4.693 Thread 0x6bd96800  108             java.util.ArrayList$Itr::<init> (6 bytes)
Event: 4.693 Thread 0x6bd96800 nmethod 108 0xb355cf48 code [0xb355d040, 0xb355d0b0]
Event: 4.693 Thread 0x6bd96800  109             java.util.ArrayList$Itr::<init> (26 bytes)
Event: 4.694 Thread 0x6bd96800 nmethod 109 0xb355cd48 code [0xb355ce40, 0xb355ceb0]
Event: 4.720 Thread 0x6bd94800 nmethod 8% 0xb3561e88 code [0xb35620a0, 0xb3562bac]

GC Heap History (10 events):
Event: 1.787 GC heap before
{Heap before GC invocations=8 (full 1):
 PSYoungGen      total 105856K, used 105824K [0x9e410000, 0xa83d0000, 0xb3410000)
  eden space 90240K, 100% used [0x9e410000,0xa3c30000,0xa3c30000)
  from space 15616K, 99% used [0xa7490000,0xa83c8000,0xa83d0000)
  to   space 20480K, 0% used [0xa5bd0000,0xa5bd0000,0xa6fd0000)
 ParOldGen       total 82944K, used 41608K [0x74410000, 0x79510000, 0x9e410000)
  object space 82944K, 50% used [0x74410000,0x76cb2078,0x79510000)
 PSPermGen       total 16384K, used 2003K [0x6c410000, 0x6d410000, 0x74410000)
  object space 16384K, 12% used [0x6c410000,0x6c604c98,0x6d410000)
Event: 1.929 GC heap after
Heap after GC invocations=8 (full 1):
 PSYoungGen      total 143104K, used 20480K [0x9e410000, 0xaa2d0000, 0xb3410000)
  eden space 122624K, 0% used [0x9e410000,0x9e410000,0xa5bd0000)
  from space 20480K, 100% used [0xa5bd0000,0xa6fd0000,0xa6fd0000)
  to   space 32256K, 0% used [0xa8350000,0xa8350000,0xaa2d0000)
 ParOldGen       total 82944K, used 58556K [0x74410000, 0x79510000, 0x9e410000)
  object space 82944K, 70% used [0x74410000,0x77d3f078,0x79510000)
 PSPermGen       total 16384K, used 2003K [0x6c410000, 0x6d410000, 0x74410000)
  object space 16384K, 12% used [0x6c410000,0x6c604c98,0x6d410000)
}
Event: 2.358 GC heap before
{Heap before GC invocations=9 (full 1):
 PSYoungGen      total 143104K, used 143104K [0x9e410000, 0xaa2d0000, 0xb3410000)
  eden space 122624K, 100% used [0x9e410000,0xa5bd0000,0xa5bd0000)
  from space 20480K, 100% used [0xa5bd0000,0xa6fd0000,0xa6fd0000)
  to   space 32256K, 0% used [0xa8350000,0xa8350000,0xaa2d0000)
 ParOldGen       total 82944K, used 58556K [0x74410000, 0x79510000, 0x9e410000)
  object space 82944K, 70% used [0x74410000,0x77d3f078,0x79510000)
 PSPermGen       total 16384K, used 2054K [0x6c410000, 0x6d410000, 0x74410000)
  object space 16384K, 12% used [0x6c410000,0x6c611a10,0x6d410000)
Event: 2.548 GC heap after
Heap after GC invocations=9 (full 1):
 PSYoungGen      total 150208K, used 32255K [0x9e410000, 0xae950000, 0xb3410000)
  eden space 117952K, 0% used [0x9e410000,0x9e410000,0xa5740000)
  from space 32256K, 99% used [0xa8350000,0xaa2cffa0,0xaa2d0000)
  to   space 45120K, 0% used [0xa5740000,0xa5740000,0xa8350000)
 ParOldGen       total 82944K, used 75512K [0x74410000, 0x79510000, 0x9e410000)
  object space 82944K, 91% used [0x74410000,0x78dce078,0x79510000)
 PSPermGen       total 16384K, used 2054K [0x6c410000, 0x6d410000, 0x74410000)
  object space 16384K, 12% used [0x6c410000,0x6c611a10,0x6d410000)
}
Event: 2.548 GC heap before
{Heap before GC invocations=10 (full 2):
 PSYoungGen      total 150208K, used 32255K [0x9e410000, 0xae950000, 0xb3410000)
  eden space 117952K, 0% used [0x9e410000,0x9e410000,0xa5740000)
  from space 32256K, 99% used [0xa8350000,0xaa2cffa0,0xaa2d0000)
  to   space 45120K, 0% used [0xa5740000,0xa5740000,0xa8350000)
 ParOldGen       total 82944K, used 75512K [0x74410000, 0x79510000, 0x9e410000)
  object space 82944K, 91% used [0x74410000,0x78dce078,0x79510000)
 PSPermGen       total 16384K, used 2054K [0x6c410000, 0x6d410000, 0x74410000)
  object space 16384K, 12% used [0x6c410000,0x6c611a10,0x6d410000)
Event: 3.345 GC heap after
Heap after GC invocations=10 (full 2):
 PSYoungGen      total 150208K, used 24484K [0x9e410000, 0xae950000, 0xb3410000)
  eden space 117952K, 0% used [0x9e410000,0x9e410000,0xa5740000)
  from space 32256K, 75% used [0xa8350000,0xa9b39270,0xaa2d0000)
  to   space 45120K, 0% used [0xa5740000,0xa5740000,0xa8350000)
 ParOldGen       total 143808K, used 82942K [0x74410000, 0x7d080000, 0x9e410000)
  object space 143808K, 57% used [0x74410000,0x7950f870,0x7d080000)
 PSPermGen       total 16384K, used 2054K [0x6c410000, 0x6d410000, 0x74410000)
  object space 16384K, 12% used [0x6c410000,0x6c611a10,0x6d410000)
}
Event: 3.561 GC heap before
{Heap before GC invocations=11 (full 2):
 PSYoungGen      total 150208K, used 142436K [0x9e410000, 0xae950000, 0xb3410000)
  eden space 117952K, 100% used [0x9e410000,0xa5740000,0xa5740000)
  from space 32256K, 75% used [0xa8350000,0xa9b39270,0xaa2d0000)
  to   space 45120K, 0% used [0xa5740000,0xa5740000,0xa8350000)
 ParOldGen       total 143808K, used 82942K [0x74410000, 0x7d080000, 0x9e410000)
  object space 143808K, 57% used [0x74410000,0x7950f870,0x7d080000)
 PSPermGen       total 16384K, used 2054K [0x6c410000, 0x6d410000, 0x74410000)
  object space 16384K, 12% used [0x6c410000,0x6c611a10,0x6d410000)
Event: 3.677 GC heap after
Heap after GC invocations=11 (full 2):
 PSYoungGen      total 163072K, used 28160K [0x9e410000, 0xacc10000, 0xb3410000)
  eden space 117952K, 0% used [0x9e410000,0x9e410000,0xa5740000)
  from space 45120K, 62% used [0xa5740000,0xa72c0000,0xa8350000)
  to   space 45952K, 0% used [0xa9f30000,0xa9f30000,0xacc10000)
 ParOldGen       total 143808K, used 82942K [0x74410000, 0x7d080000, 0x9e410000)
  object space 143808K, 57% used [0x74410000,0x7950f870,0x7d080000)
 PSPermGen       total 16384K, used 2054K [0x6c410000, 0x6d410000, 0x74410000)
  object space 16384K, 12% used [0x6c410000,0x6c611a10,0x6d410000)
}
Event: 3.891 GC heap before
{Heap before GC invocations=12 (full 2):
 PSYoungGen      total 163072K, used 146112K [0x9e410000, 0xacc10000, 0xb3410000)
  eden space 117952K, 100% used [0x9e410000,0xa5740000,0xa5740000)
  from space 45120K, 62% used [0xa5740000,0xa72c0000,0xa8350000)
  to   space 45952K, 0% used [0xa9f30000,0xa9f30000,0xacc10000)
 ParOldGen       total 143808K, used 82942K [0x74410000, 0x7d080000, 0x9e410000)
  object space 143808K, 57% used [0x74410000,0x7950f870,0x7d080000)
 PSPermGen       total 16384K, used 2054K [0x6c410000, 0x6d410000, 0x74410000)
  object space 16384K, 12% used [0x6c410000,0x6c611a10,0x6d410000)
Event: 3.990 GC heap after
Heap after GC invocations=12 (full 2):
 PSYoungGen      total 189888K, used 31744K [0x9e410000, 0xad030000, 0xb3410000)
  eden space 143936K, 0% used [0x9e410000,0x9e410000,0xa70a0000)
  from space 45952K, 69% used [0xa9f30000,0xabe30000,0xacc10000)
  to   space 47680K, 0% used [0xa70a0000,0xa70a0000,0xa9f30000)
 ParOldGen       total 143808K, used 82942K [0x74410000, 0x7d080000, 0x9e410000)
  object space 143808K, 57% used [0x74410000,0x7950f870,0x7d080000)
 PSPermGen       total 16384K, used 2054K [0x6c410000, 0x6d410000, 0x74410000)
  object space 16384K, 12% used [0x6c410000,0x6c611a10,0x6d410000)
}

Deoptimization events (10 events):
Event: 4.148 Thread 0xb6507000 Uncommon trap -34 fr.pc 0xb353b2f4
Event: 4.181 Thread 0xb6507000 Uncommon trap -34 fr.pc 0xb354d4f8
Event: 4.181 Thread 0xb6507000 Uncommon trap -34 fr.pc 0xb3530ff4
Event: 4.181 Thread 0xb6507000 Uncommon trap -34 fr.pc 0xb354d4f8
Event: 4.181 Thread 0xb6507000 Uncommon trap -34 fr.pc 0xb3530ff4
Event: 4.181 Thread 0xb6507000 Uncommon trap -34 fr.pc 0xb354d4f8
Event: 4.181 Thread 0xb6507000 Uncommon trap -34 fr.pc 0xb3530ff4
Event: 4.181 Thread 0xb6507000 Uncommon trap -34 fr.pc 0xb354d4f8
Event: 4.181 Thread 0xb6507000 Uncommon trap -34 fr.pc 0xb3530ff4
Event: 4.354 Thread 0xb6507000 Uncommon trap -20 fr.pc 0xb355a318

Internal exceptions (10 events):
Event: 4.346 Thread 0xb6507000 Threw 0xa3a38a10 at /build/buildd/openjdk-7-7u9-2.3.3/build/openjdk/hotspot/src/share/vm/prims/jvm.cpp:1166
Event: 4.346 Thread 0xb6507000 Threw 0xa3a3f7a0 at /build/buildd/openjdk-7-7u9-2.3.3/build/openjdk/hotspot/src/share/vm/prims/jvm.cpp:1166
Event: 4.352 Thread 0xb6507000 Threw 0xa3a44380 at /build/buildd/openjdk-7-7u9-2.3.3/build/openjdk/hotspot/src/share/vm/prims/jvm.cpp:1166
Event: 4.353 Thread 0xb6507000 Threw 0xa3a4e8e0 at /build/buildd/openjdk-7-7u9-2.3.3/build/openjdk/hotspot/src/share/vm/prims/jvm.cpp:1166
Event: 4.354 Thread 0xb6507000 Threw 0xa3a525c8 at /build/buildd/openjdk-7-7u9-2.3.3/build/openjdk/hotspot/src/share/vm/prims/jvm.cpp:1166
Event: 4.355 Thread 0xb6507000 Threw 0xa3a5fb78 at /build/buildd/openjdk-7-7u9-2.3.3/build/openjdk/hotspot/src/share/vm/prims/jvm.cpp:1166
Event: 4.643 Thread 0xb6507000 Threw 0xa3a66f60 at /build/buildd/openjdk-7-7u9-2.3.3/build/openjdk/hotspot/src/share/vm/prims/jvm.cpp:1166
Event: 4.649 Thread 0xb6507000 Threw 0xa3a6c618 at /build/buildd/openjdk-7-7u9-2.3.3/build/openjdk/hotspot/src/share/vm/prims/jvm.cpp:1166
Event: 4.651 Thread 0xb6507000 Threw 0xa3a6fd78 at /build/buildd/openjdk-7-7u9-2.3.3/build/openjdk/hotspot/src/share/vm/prims/jvm.cpp:1166
Event: 4.667 Thread 0xb6507000 Threw 0xa3a75a70 at /build/buildd/openjdk-7-7u9-2.3.3/build/openjdk/hotspot/src/share/vm/prims/jvm.cpp:1166

Events (10 events):
Event: 4.659 loading class 0x685deb68
Event: 4.659 loading class 0x685deb68 done
Event: 4.667 loading class 0x6857fed8
Event: 4.667 loading class 0x6857fed8 done
Event: 4.693 loading class 0x6bd53050
Event: 4.693 loading class 0x6bd53050 done
Event: 4.787 loading class 0x6857fca8
Event: 4.787 loading class 0x654549f0
Event: 4.787 loading class 0x654549f0 done
Event: 4.787 loading class 0x6857fca8 done


Dynamic libraries:
08048000-08049000 r-xp 00000000 08:09 939158     /usr/lib/jvm/java-7-openjdk-i386/jre/bin/java
08049000-0804a000 r--p 00000000 08:09 939158     /usr/lib/jvm/java-7-openjdk-i386/jre/bin/java
0804a000-0804b000 rw-p 00001000 08:09 939158     /usr/lib/jvm/java-7-openjdk-i386/jre/bin/java
097dd000-09a8f000 rw-p 00000000 00:00 0          [heap]
61e92000-63a00000 rw-p 00000000 00:00 0 
63a00000-63ac1000 rw-p 00000000 00:00 0 
63ac1000-63b00000 ---p 00000000 00:00 0 
63c00000-63cf1000 rw-p 00000000 00:00 0 
63cf1000-63d00000 ---p 00000000 00:00 0 
63d00000-63dfe000 rw-p 00000000 00:00 0 
63dfe000-63e00000 ---p 00000000 00:00 0 
63e00000-63ef1000 rw-p 00000000 00:00 0 
63ef1000-63f00000 ---p 00000000 00:00 0 
63f2f000-63f30000 ---p 00000000 00:00 0 
63f30000-64741000 rw-p 00000000 00:00 0          [stack:28747]
64741000-64742000 ---p 00000000 00:00 0 
64742000-64f53000 rw-p 00000000 00:00 0          [stack:28746]
64f53000-6504c000 r-xp 00000000 08:09 264846     /lib/i386-linux-gnu/libglib-2.0.so.0.3400.0
6504c000-6504d000 r--p 000f9000 08:09 264846     /lib/i386-linux-gnu/libglib-2.0.so.0.3400.0
6504d000-6504e000 rw-p 000fa000 08:09 264846     /lib/i386-linux-gnu/libglib-2.0.so.0.3400.0
6504e000-6509c000 r-xp 00000000 08:09 920856     /usr/lib/i386-linux-gnu/libgobject-2.0.so.0.3400.0
6509c000-6509d000 r--p 0004d000 08:09 920856     /usr/lib/i386-linux-gnu/libgobject-2.0.so.0.3400.0
6509d000-6509e000 rw-p 0004e000 08:09 920856     /usr/lib/i386-linux-gnu/libgobject-2.0.so.0.3400.0
6509e000-651f9000 r-xp 00000000 08:09 920832     /usr/lib/i386-linux-gnu/libgio-2.0.so.0.3400.0
651f9000-651fa000 ---p 0015b000 08:09 920832     /usr/lib/i386-linux-gnu/libgio-2.0.so.0.3400.0
651fa000-651fc000 r--p 0015b000 08:09 920832     /usr/lib/i386-linux-gnu/libgio-2.0.so.0.3400.0
651fc000-651fd000 rw-p 0015d000 08:09 920832     /usr/lib/i386-linux-gnu/libgio-2.0.so.0.3400.0
651fd000-65400000 rw-p 00000000 00:00 0 
65400000-654fe000 rw-p 00000000 00:00 0 
654fe000-65500000 ---p 00000000 00:00 0 
65568000-65569000 ---p 00000000 00:00 0 
65569000-655a9000 rw-p 00000000 00:00 0          [stack:28745]
655a9000-655e7000 r-xp 00000000 08:09 264904     /lib/i386-linux-gnu/libpcre.so.3.13.1
655e7000-655e8000 r--p 0003d000 08:09 264904     /lib/i386-linux-gnu/libpcre.so.3.13.1
655e8000-655e9000 rw-p 0003e000 08:09 264904     /lib/i386-linux-gnu/libpcre.so.3.13.1
655e9000-655fc000 r-xp 00000000 08:09 264919     /lib/i386-linux-gnu/libresolv-2.15.so
655fc000-655fd000 r--p 00013000 08:09 264919     /lib/i386-linux-gnu/libresolv-2.15.so
655fd000-655fe000 rw-p 00014000 08:09 264919     /lib/i386-linux-gnu/libresolv-2.15.so
655fe000-65600000 rw-p 00000000 00:00 0 
65600000-65700000 rw-p 00000000 00:00 0 
65708000-65725000 r-xp 00000000 08:09 264923     /lib/i386-linux-gnu/libselinux.so.1
65725000-65726000 r--p 0001c000 08:09 264923     /lib/i386-linux-gnu/libselinux.so.1
65726000-65727000 rw-p 0001d000 08:09 264923     /lib/i386-linux-gnu/libselinux.so.1
65741000-65757000 r-xp 00000000 08:09 939191     /usr/lib/jvm/java-7-openjdk-i386/jre/lib/i386/libnet.so
65757000-65758000 r--p 00015000 08:09 939191     /usr/lib/jvm/java-7-openjdk-i386/jre/lib/i386/libnet.so
65758000-65759000 rw-p 00016000 08:09 939191     /usr/lib/jvm/java-7-openjdk-i386/jre/lib/i386/libnet.so
65759000-6575a000 rw-s 1f30a000 00:05 11136      /dev/ati/card0
6575a000-657ba000 rw-s 1f309000 00:05 11136      /dev/ati/card0
657ba000-65886000 r-xp 00000000 08:09 934617     /usr/lib/fglrx/libGL.so.1.2
65886000-65892000 rwxp 000cb000 08:09 934617     /usr/lib/fglrx/libGL.so.1.2
65892000-658a7000 rwxp 00000000 00:00 0 
658a7000-658e4000 r-xp 00000000 08:09 934621     /usr/lib/fglrx/libatiadlxx.so
658e4000-658e6000 rw-p 0003c000 08:09 934621     /usr/lib/fglrx/libatiadlxx.so
658e6000-658f6000 rw-p 00000000 00:00 0 
658f6000-658fd000 r--s 00000000 08:09 921865     /usr/lib/i386-linux-gnu/gconv/gconv-modules.cache
658fd000-65902000 r-xp 00000000 08:09 920766     /usr/lib/i386-linux-gnu/libffi.so.6.0.0
65902000-65903000 r--p 00005000 08:09 920766     /usr/lib/i386-linux-gnu/libffi.so.6.0.0
65903000-65904000 rw-p 00006000 08:09 920766     /usr/lib/i386-linux-gnu/libffi.so.6.0.0
65904000-65915000 r-xp 00000000 08:09 939183     /usr/lib/jvm/java-7-openjdk-i386/jre/lib/i386/libnio.so
65915000-65916000 r--p 00010000 08:09 939183     /usr/lib/jvm/java-7-openjdk-i386/jre/lib/i386/libnio.so
65916000-65917000 rw-p 00011000 08:09 939183     /usr/lib/jvm/java-7-openjdk-i386/jre/lib/i386/libnio.so
65917000-65957000 rw-s 00029000 00:05 11136      /dev/ati/card0
65957000-66057000 rw-s 00006000 00:05 11136      /dev/ati/card0
66057000-66113000 rw-p 00000000 00:00 0 
66113000-66133000 r-xp 00000000 08:09 921305     /usr/lib/i386-linux-gnu/libxcb.so.1.1.0
66133000-66134000 r--p 0001f000 08:09 921305     /usr/lib/i386-linux-gnu/libxcb.so.1.1.0
66134000-66135000 rw-p 00020000 08:09 921305     /usr/lib/i386-linux-gnu/libxcb.so.1.1.0
66135000-66267000 r-xp 00000000 08:09 920548     /usr/lib/i386-linux-gnu/libX11.so.6.3.0
66267000-66268000 r--p 00132000 08:09 920548     /usr/lib/i386-linux-gnu/libX11.so.6.3.0
66268000-6626b000 rw-p 00133000 08:09 920548     /usr/lib/i386-linux-gnu/libX11.so.6.3.0
6626b000-66d7c000 r-xp 00000000 08:09 934612     /usr/lib/fglrx/libaticaldd.so
66d7c000-66dda000 rw-p 00b11000 08:09 934612     /usr/lib/fglrx/libaticaldd.so
66dda000-66e51000 rw-p 00000000 00:00 0 
66e51000-68233000 r-xp 00000000 08:09 406075     /opt/AMDAPP/lib/x86/libamdocl32.so
68233000-682ce000 rw-p 013e2000 08:09 406075     /opt/AMDAPP/lib/x86/libamdocl32.so
682ce000-68300000 rw-p 00000000 00:00 0 
68300000-68347000 rw-p 00000000 00:00 0 
68347000-68400000 ---p 00000000 00:00 0 
68400000-684fe000 rw-p 00000000 00:00 0 
684fe000-68500000 ---p 00000000 00:00 0 
68500000-685ff000 rw-p 00000000 00:00 0 
685ff000-68600000 ---p 00000000 00:00 0 
68601000-68611000 r-xp 00000000 08:09 920565     /usr/lib/i386-linux-gnu/libXext.so.6.4.0
68611000-68612000 r--p 0000f000 08:09 920565     /usr/lib/i386-linux-gnu/libXext.so.6.4.0
68612000-68613000 rw-p 00010000 08:09 920565     /usr/lib/i386-linux-gnu/libXext.so.6.4.0
68618000-6861b000 r-xp 00000000 08:09 920842     /usr/lib/i386-linux-gnu/libgmodule-2.0.so.0.3400.0
6861b000-6861c000 r--p 00002000 08:09 920842     /usr/lib/i386-linux-gnu/libgmodule-2.0.so.0.3400.0
6861c000-6861d000 rw-p 00003000 08:09 920842     /usr/lib/i386-linux-gnu/libgmodule-2.0.so.0.3400.0
6861d000-6862d000 rw-s fc000000 00:05 11136      /dev/ati/card0
6862d000-6862e000 ---p 00000000 00:00 0 
6862e000-686ae000 rw-p 00000000 00:00 0          [stack:28736]
686ae000-686b1000 ---p 00000000 00:00 0 
686b1000-686ff000 rw-p 00000000 00:00 0          [stack:28735]
686ff000-68702000 ---p 00000000 00:00 0 
68702000-68780000 rw-p 00000000 00:00 0          [stack:28734]
68780000-68783000 ---p 00000000 00:00 0 
68783000-68801000 rw-p 00000000 00:00 0          [stack:28733]
68801000-68804000 ---p 00000000 00:00 0 
68804000-68852000 rw-p 00000000 00:00 0          [stack:28732]
68852000-68a52000 r--p 00000000 08:09 925085     /usr/lib/locale/locale-archive
68a52000-68a55000 ---p 00000000 00:00 0 
68a55000-68aa3000 rw-p 00000000 00:00 0          [stack:28731]
68aa3000-68aa6000 ---p 00000000 00:00 0 
68aa6000-68af4000 rw-p 00000000 00:00 0          [stack:28730]
68af4000-68af5000 ---p 00000000 00:00 0 
68af5000-68bbd000 rw-p 00000000 00:00 0          [stack:28729]
68bbd000-68d68000 r--s 01cdb000 08:09 939218     /usr/lib/jvm/java-7-openjdk-i386/jre/lib/rt.jar
68d68000-6bc00000 rw-p 00000000 00:00 0 
6bc00000-6bcf1000 rw-p 00000000 00:00 0 
6bcf1000-6bd00000 ---p 00000000 00:00 0 
6bd00000-6bdf9000 rw-p 00000000 00:00 0 
6bdf9000-6be00000 ---p 00000000 00:00 0 
6be00000-6be6f000 rw-p 00000000 00:00 0 
6be6f000-6bf00000 ---p 00000000 00:00 0 
6bf00000-6bf01000 r-xp 00000000 08:09 417907     /tmp/OCLc82kTo.so
6bf01000-6bf02000 rw-p 00001000 08:09 417907     /tmp/OCLc82kTo.so
6bf02000-6bf07000 r-xp 00000000 08:09 406077     /opt/AMDAPP/lib/x86/libOpenCL.so.1
6bf07000-6bf08000 rw-p 00004000 08:09 406077     /opt/AMDAPP/lib/x86/libOpenCL.so.1
6bf08000-6bf0a000 r-xp 00000000 08:09 920573     /usr/lib/i386-linux-gnu/libXinerama.so.1.0.0
6bf0a000-6bf0b000 r--p 00001000 08:09 920573     /usr/lib/i386-linux-gnu/libXinerama.so.1.0.0
6bf0b000-6bf0c000 rw-p 00002000 08:09 920573     /usr/lib/i386-linux-gnu/libXinerama.so.1.0.0
6bf0c000-6bf0e000 rw-s 00002000 00:05 11136      /dev/ati/card0
6bf0e000-6bf13000 r-xp 00000000 08:09 920563     /usr/lib/i386-linux-gnu/libXdmcp.so.6.0.0
6bf13000-6bf14000 r--p 00004000 08:09 920563     /usr/lib/i386-linux-gnu/libXdmcp.so.6.0.0
6bf14000-6bf15000 rw-p 00005000 08:09 920563     /usr/lib/i386-linux-gnu/libXdmcp.so.6.0.0
6bf15000-6bf17000 r-xp 00000000 08:09 920552     /usr/lib/i386-linux-gnu/libXau.so.6.0.0
6bf17000-6bf18000 r--p 00001000 08:09 920552     /usr/lib/i386-linux-gnu/libXau.so.6.0.0
6bf18000-6bf19000 rw-p 00002000 08:09 920552     /usr/lib/i386-linux-gnu/libXau.so.6.0.0
6bf19000-6bf20000 r-xp 00000000 08:09 934650     /usr/lib/fglrx/libatiuki.so.1.0
6bf20000-6bf21000 rw-p 00006000 08:09 934650     /usr/lib/fglrx/libatiuki.so.1.0
6bf22000-6bf23000 r-xp 00000000 08:09 417708     /tmp/libgluegen-rt8514400390190897516.so
6bf23000-6bf24000 r--p 00000000 08:09 417708     /tmp/libgluegen-rt8514400390190897516.so
6bf24000-6bf25000 rw-p 00001000 08:09 417708     /tmp/libgluegen-rt8514400390190897516.so
6bf25000-6bf2f000 r-xp 00000000 08:09 417707     /tmp/libjocl32442270901096028.so
6bf2f000-6bf30000 r--p 00009000 08:09 417707     /tmp/libjocl32442270901096028.so
6bf30000-6bf31000 rw-p 0000a000 08:09 417707     /tmp/libjocl32442270901096028.so
6bf31000-6bf36000 r--s 0004b000 08:09 938618     /usr/lib/jvm/java-7-openjdk-common/jre/lib/jsse.jar
6bf36000-6bf3f000 r--s 000bc000 08:09 938643     /usr/lib/jvm/java-7-openjdk-common/jre/lib/resources.jar
6bf3f000-6bf45000 r--s 00096000 08:0a 2684       /home/arka/NetBeansProjects/AStarJOCLOpt/lib/jocl.jar
6bf45000-6bf46000 ---p 00000000 00:00 0 
6bf46000-6bfc6000 rw-p 00000000 00:00 0          [stack:28728]
6bfc6000-6bfc7000 ---p 00000000 00:00 0 
6bfc7000-6c04f000 rw-p 00000000 00:00 0          [stack:28727]
6c04f000-6c087000 rw-p 00000000 00:00 0 
6c087000-6c0ce000 rw-p 00000000 00:00 0 
6c0ce000-6c1d7000 rw-p 00000000 00:00 0 
6c1d7000-6c1df000 rw-p 00000000 00:00 0 
6c1df000-6c217000 rw-p 00000000 00:00 0 
6c217000-6c25e000 rw-p 00000000 00:00 0 
6c25e000-6c367000 rw-p 00000000 00:00 0 
6c367000-6c3de000 rw-p 00000000 00:00 0 
6c3de000-6c3ea000 ---p 00000000 00:00 0 
6c3ea000-6c40f000 rw-p 00000000 00:00 0 
6c40f000-6d410000 rw-p 00000000 00:00 0 
6d410000-74410000 rw-p 00000000 00:00 0 
74410000-7d080000 rw-p 00000000 00:00 0 
7d080000-9e410000 rw-p 00000000 00:00 0 
9e410000-ad030000 rw-p 00000000 00:00 0 
ad030000-ae950000 ---p 00000000 00:00 0 
ae950000-b3410000 rw-p 00000000 00:00 0 
b3410000-b3411000 rw-p 00000000 00:00 0 
b3411000-b3412000 r--s 00002000 08:0a 2680       /home/arka/NetBeansProjects/AStarJOCLOpt/lib/jocl-natives-windows-i586.jar
b3412000-b3413000 r--s 00003000 08:0a 2674       /home/arka/NetBeansProjects/AStarJOCLOpt/lib/jocl-natives-windows-amd64.jar
b3413000-b3414000 r--s 00004000 08:0a 2668       /home/arka/NetBeansProjects/AStarJOCLOpt/lib/jocl-natives-macosx-universal.jar
b3414000-b3415000 r--s 00002000 08:0a 2664       /home/arka/NetBeansProjects/AStarJOCLOpt/lib/jocl-natives-linux-i586.jar
b3415000-b3416000 r--s 00002000 08:0a 2662       /home/arka/NetBeansProjects/AStarJOCLOpt/lib/jocl-natives-linux-amd64.jar
b3416000-b3419000 r--s 00019000 08:0a 2651       /home/arka/NetBeansProjects/AStarJOCLOpt/lib/gluegen-rt.jar
b3419000-b3422000 rw-p 00000000 00:00 0 
b3422000-b34d9000 rw-p 00000000 00:00 0 
b34d9000-b3719000 rwxp 00000000 00:00 0 
b3719000-b64d9000 rw-p 00000000 00:00 0 
b64d9000-b64e4000 r-xp 00000000 08:09 264882     /lib/i386-linux-gnu/libnss_files-2.15.so
b64e4000-b64e5000 r--p 0000a000 08:09 264882     /lib/i386-linux-gnu/libnss_files-2.15.so
b64e5000-b64e6000 rw-p 0000b000 08:09 264882     /lib/i386-linux-gnu/libnss_files-2.15.so
b64e6000-b64fc000 r-xp 00000000 08:09 264876     /lib/i386-linux-gnu/libnsl-2.15.so
b64fc000-b64fd000 r--p 00015000 08:09 264876     /lib/i386-linux-gnu/libnsl-2.15.so
b64fd000-b64fe000 rw-p 00016000 08:09 264876     /lib/i386-linux-gnu/libnsl-2.15.so
b64fe000-b6500000 rw-p 00000000 00:00 0 
b6500000-b65f1000 rw-p 00000000 00:00 0 
b65f1000-b6600000 ---p 00000000 00:00 0 
b6600000-b6601000 rw-s 00005000 00:05 11136      /dev/ati/card0
b6601000-b6603000 r--s 00000000 08:0a 2647       /home/arka/NetBeansProjects/AStarJOCLOpt/lib/gluegen-rt-natives-windows-i586.jar
b6603000-b6604000 r--s 00001000 08:0a 2645       /home/arka/NetBeansProjects/AStarJOCLOpt/lib/gluegen-rt-natives-windows-amd64.jar
b6604000-b6605000 r--s 00000000 08:0a 2636       /home/arka/NetBeansProjects/AStarJOCLOpt/lib/gluegen-rt-natives-macosx-universal.jar
b6605000-b6606000 r--s 00000000 08:0a 2632       /home/arka/NetBeansProjects/AStarJOCLOpt/lib/gluegen-rt-natives-linux-i586.jar
b6606000-b6607000 r--s 00000000 08:0a 2622       /home/arka/NetBeansProjects/AStarJOCLOpt/lib/gluegen-rt-natives-linux-amd64.jar
b6607000-b660a000 r--s 0000f000 08:09 938621     /usr/lib/jvm/java-7-openjdk-common/jre/lib/ext/pulse-java.jar
b660a000-b6614000 r-xp 00000000 08:09 264886     /lib/i386-linux-gnu/libnss_nis-2.15.so
b6614000-b6615000 r--p 00009000 08:09 264886     /lib/i386-linux-gnu/libnss_nis-2.15.so
b6615000-b6616000 rw-p 0000a000 08:09 264886     /lib/i386-linux-gnu/libnss_nis-2.15.so
b6616000-b661d000 r-xp 00000000 08:09 264878     /lib/i386-linux-gnu/libnss_compat-2.15.so
b661d000-b661e000 r--p 00006000 08:09 264878     /lib/i386-linux-gnu/libnss_compat-2.15.so
b661e000-b661f000 rw-p 00007000 08:09 264878     /lib/i386-linux-gnu/libnss_compat-2.15.so
b661f000-b6620000 r--s 00002000 08:09 938620     /usr/lib/jvm/java-7-openjdk-common/jre/lib/ext/dnsns.jar
b6620000-b6623000 r--s 0003c000 08:09 938625     /usr/lib/jvm/java-7-openjdk-common/jre/lib/ext/sunpkcs11.jar
b6623000-b6627000 r--s 00085000 08:09 938622     /usr/lib/jvm/java-7-openjdk-common/jre/lib/ext/localedata.jar
b6627000-b6629000 r--s 00012000 08:09 938623     /usr/lib/jvm/java-7-openjdk-common/jre/lib/ext/zipfs.jar
b6629000-b662b000 r--s 00006000 08:09 20039      /usr/share/java/java-atk-wrapper.jar
b662b000-b662e000 r--s 00032000 08:09 938624     /usr/lib/jvm/java-7-openjdk-common/jre/lib/ext/sunjce_provider.jar
b662e000-b662f000 r--p 005e0000 08:09 925085     /usr/lib/locale/locale-archive
b662f000-b6637000 r-xp 00000000 08:09 939186     /usr/lib/jvm/java-7-openjdk-i386/jre/lib/i386/libzip.so
b6637000-b6638000 r--p 00007000 08:09 939186     /usr/lib/jvm/java-7-openjdk-i386/jre/lib/i386/libzip.so
b6638000-b6639000 rw-p 00008000 08:09 939186     /usr/lib/jvm/java-7-openjdk-i386/jre/lib/i386/libzip.so
b6639000-b6660000 r-xp 00000000 08:09 939170     /usr/lib/jvm/java-7-openjdk-i386/jre/lib/i386/libjava.so
b6660000-b6661000 r--p 00026000 08:09 939170     /usr/lib/jvm/java-7-openjdk-i386/jre/lib/i386/libjava.so
b6661000-b6662000 rw-p 00027000 08:09 939170     /usr/lib/jvm/java-7-openjdk-i386/jre/lib/i386/libjava.so
b6662000-b6669000 r-xp 00000000 08:09 264921     /lib/i386-linux-gnu/librt-2.15.so
b6669000-b666a000 r--p 00006000 08:09 264921     /lib/i386-linux-gnu/librt-2.15.so
b666a000-b666b000 rw-p 00007000 08:09 264921     /lib/i386-linux-gnu/librt-2.15.so
b666b000-b666e000 ---p 00000000 00:00 0 
b666e000-b66bc000 rw-p 00000000 00:00 0          [stack:28725]
b66bc000-b66d8000 r-xp 00000000 08:09 264842     /lib/i386-linux-gnu/libgcc_s.so.1
b66d8000-b66d9000 r--p 0001b000 08:09 264842     /lib/i386-linux-gnu/libgcc_s.so.1
b66d9000-b66da000 rw-p 0001c000 08:09 264842     /lib/i386-linux-gnu/libgcc_s.so.1
b66da000-b6704000 r-xp 00000000 08:09 264859     /lib/i386-linux-gnu/libm-2.15.so
b6704000-b6705000 r--p 00029000 08:09 264859     /lib/i386-linux-gnu/libm-2.15.so
b6705000-b6706000 rw-p 0002a000 08:09 264859     /lib/i386-linux-gnu/libm-2.15.so
b6706000-b67e2000 r-xp 00000000 08:09 921211     /usr/lib/i386-linux-gnu/libstdc++.so.6.0.17
b67e2000-b67e3000 ---p 000dc000 08:09 921211     /usr/lib/i386-linux-gnu/libstdc++.so.6.0.17
b67e3000-b67e7000 r--p 000dc000 08:09 921211     /usr/lib/i386-linux-gnu/libstdc++.so.6.0.17
b67e7000-b67e8000 rw-p 000e0000 08:09 921211     /usr/lib/i386-linux-gnu/libstdc++.so.6.0.17
b67e8000-b67ef000 rw-p 00000000 00:00 0 
b67ef000-b70e1000 r-xp 00000000 08:09 939195     /usr/lib/jvm/java-7-openjdk-i386/jre/lib/i386/server/libjvm.so
b70e1000-b7128000 r--p 008f1000 08:09 939195     /usr/lib/jvm/java-7-openjdk-i386/jre/lib/i386/server/libjvm.so
b7128000-b713c000 rw-p 00938000 08:09 939195     /usr/lib/jvm/java-7-openjdk-i386/jre/lib/i386/server/libjvm.so
b713c000-b755a000 rw-p 00000000 00:00 0 
b755a000-b7571000 r-xp 00000000 08:09 264951     /lib/i386-linux-gnu/libz.so.1.2.7
b7571000-b7572000 r--p 00016000 08:09 264951     /lib/i386-linux-gnu/libz.so.1.2.7
b7572000-b7573000 rw-p 00017000 08:09 264951     /lib/i386-linux-gnu/libz.so.1.2.7
b7573000-b758a000 r-xp 00000000 08:09 264913     /lib/i386-linux-gnu/libpthread-2.15.so
b758a000-b758b000 r--p 00016000 08:09 264913     /lib/i386-linux-gnu/libpthread-2.15.so
b758b000-b758c000 rw-p 00017000 08:09 264913     /lib/i386-linux-gnu/libpthread-2.15.so
b758c000-b758e000 rw-p 00000000 00:00 0 
b758e000-b7591000 r-xp 00000000 08:09 264832     /lib/i386-linux-gnu/libdl-2.15.so
b7591000-b7592000 r--p 00002000 08:09 264832     /lib/i386-linux-gnu/libdl-2.15.so
b7592000-b7593000 rw-p 00003000 08:09 264832     /lib/i386-linux-gnu/libdl-2.15.so
b7593000-b7736000 r-xp 00000000 08:09 264817     /lib/i386-linux-gnu/libc-2.15.so
b7736000-b7737000 ---p 001a3000 08:09 264817     /lib/i386-linux-gnu/libc-2.15.so
b7737000-b7739000 r--p 001a3000 08:09 264817     /lib/i386-linux-gnu/libc-2.15.so
b7739000-b773a000 rw-p 001a5000 08:09 264817     /lib/i386-linux-gnu/libc-2.15.so
b773a000-b773d000 rw-p 00000000 00:00 0 
b773d000-b7745000 rw-s 00000000 08:09 417704     /tmp/hsperfdata_arka/28721
b7745000-b7746000 rw-p 00000000 00:00 0 
b7746000-b7747000 r--p 00000000 00:00 0 
b7747000-b7754000 r-xp 00000000 08:09 939185     /usr/lib/jvm/java-7-openjdk-i386/jre/lib/i386/libverify.so
b7754000-b7755000 ---p 0000d000 08:09 939185     /usr/lib/jvm/java-7-openjdk-i386/jre/lib/i386/libverify.so
b7755000-b7756000 r--p 0000d000 08:09 939185     /usr/lib/jvm/java-7-openjdk-i386/jre/lib/i386/libverify.so
b7756000-b7757000 rw-p 0000e000 08:09 939185     /usr/lib/jvm/java-7-openjdk-i386/jre/lib/i386/libverify.so
b7757000-b7764000 r-xp 00000000 08:09 939173     /usr/lib/jvm/java-7-openjdk-i386/jre/lib/i386/jli/libjli.so
b7764000-b7765000 r--p 0000c000 08:09 939173     /usr/lib/jvm/java-7-openjdk-i386/jre/lib/i386/jli/libjli.so
b7765000-b7766000 rw-p 0000d000 08:09 939173     /usr/lib/jvm/java-7-openjdk-i386/jre/lib/i386/jli/libjli.so
b7766000-b7769000 rw-p 00000000 00:00 0 
b7769000-b776a000 r-xp 00000000 00:00 0          [vdso]
b776a000-b778a000 r-xp 00000000 08:09 264795     /lib/i386-linux-gnu/ld-2.15.so
b778a000-b778b000 r--p 0001f000 08:09 264795     /lib/i386-linux-gnu/ld-2.15.so
b778b000-b778c000 rw-p 00020000 08:09 264795     /lib/i386-linux-gnu/ld-2.15.so
bfb4d000-bfb6e000 rw-p 00000000 00:00 0          [stack]

VM Arguments:
jvm_args: -Dfile.encoding=UTF-8 
java_command: newyorkjava.Main
Launcher Type: SUN_STANDARD

Environment Variables:
PATH=/usr/lib/lightdm/lightdm:/usr/local/sbin:/usr/local/bin:/usr/sbin:/usr/bin:/sbin:/bin:/usr/games:/usr/local/games
LD_LIBRARY_PATH=/usr/lib/jvm/default-java/jre/lib/amd64:/usr/lib/jvm/default-java/jre/lib/i386:
SHELL=/bin/bash
DISPLAY=:0

Signal Handlers:
SIGSEGV: [libjvm.so+0x756f80], sa_mask[0]=0x7ffbfeff, sa_flags=0x10000004
SIGBUS: [libjvm.so+0x756f80], sa_mask[0]=0x7ffbfeff, sa_flags=0x10000004
SIGFPE: [libamdocl32.so+0xc96b0], sa_mask[0]=0x7ffbfeff, sa_flags=0x10000004
SIGPIPE: [libjvm.so+0x5f3cd0], sa_mask[0]=0x7ffbfeff, sa_flags=0x10000004
SIGXFSZ: [libjvm.so+0x5f3cd0], sa_mask[0]=0x7ffbfeff, sa_flags=0x10000004
SIGILL: [libjvm.so+0x5f3cd0], sa_mask[0]=0x7ffbfeff, sa_flags=0x10000004
SIGUSR1: SIG_DFL, sa_mask[0]=0x00000000, sa_flags=0x00000000
SIGUSR2: [libjvm.so+0x5f3b80], sa_mask[0]=0x00000004, sa_flags=0x10000004
SIGHUP: [libjvm.so+0x5f3f90], sa_mask[0]=0x7ffbfeff, sa_flags=0x10000004
SIGINT: SIG_IGN, sa_mask[0]=0x00000000, sa_flags=0x00000000
SIGTERM: [libjvm.so+0x5f3f90], sa_mask[0]=0x7ffbfeff, sa_flags=0x10000004
SIGQUIT: [libjvm.so+0x5f3f90], sa_mask[0]=0x7ffbfeff, sa_flags=0x10000004


---------------  S Y S T E M  ---------------

OS:Ubuntu 12.10 (quantal)
uname:Linux 3.5.0-19-generic #30-Ubuntu SMP Tue Nov 13 17:49:53 UTC 2012 i686
libc:glibc 2.15 NPTL 2.15 
rlimit: STACK 8192k, CORE 0k, NPROC 32115, NOFILE 4096, AS infinity
load average:0.91 0.85 0.72

/proc/meminfo:
MemTotal:        4126924 kB
MemFree:          368524 kB
Buffers:          378180 kB
Cached:          1021724 kB
SwapCached:         3828 kB
Active:          2177732 kB
Inactive:        1238856 kB
Active(anon):    1493616 kB
Inactive(anon):   540696 kB
Active(file):     684116 kB
Inactive(file):   698160 kB
Unevictable:       32668 kB
Mlocked:           32668 kB
HighTotal:       3276040 kB
HighFree:          44396 kB
LowTotal:         850884 kB
LowFree:          324128 kB
SwapTotal:      12257272 kB
SwapFree:       12200892 kB
Dirty:               188 kB
Writeback:             0 kB
AnonPages:       2046484 kB
Mapped:           290932 kB
Shmem:             10488 kB
Slab:              57088 kB
SReclaimable:      37200 kB
SUnreclaim:        19888 kB
KernelStack:        4736 kB
PageTables:        17792 kB
NFS_Unstable:          0 kB
Bounce:                0 kB
WritebackTmp:          0 kB
CommitLimit:    14320732 kB
Committed_AS:    6043000 kB
VmallocTotal:     122880 kB
VmallocUsed:       30632 kB
VmallocChunk:      90372 kB
HardwareCorrupted:     0 kB
AnonHugePages:         0 kB
HugePages_Total:       0
HugePages_Free:        0
HugePages_Rsvd:        0
HugePages_Surp:        0
Hugepagesize:       2048 kB
DirectMap4k:        8184 kB
DirectMap2M:      905216 kB


CPU:total 2 (2 cores per cpu, 1 threads per core) family 6 model 23 stepping 10, cmov, cx8, fxsr, mmx, sse, sse2, sse3, ssse3, sse4.1, tsc

/proc/cpuinfo:
processor	: 0
vendor_id	: GenuineIntel
cpu family	: 6
model		: 23
model name	: Intel(R) Core(TM)2 Duo CPU     P8600  @ 2.40GHz
stepping	: 10
microcode	: 0xa07
cpu MHz		: 2401.000
cache size	: 3072 KB
physical id	: 0
siblings	: 2
core id		: 0
cpu cores	: 2
apicid		: 0
initial apicid	: 0
fdiv_bug	: no
hlt_bug		: no
f00f_bug	: no
coma_bug	: no
fpu		: yes
fpu_exception	: yes
cpuid level	: 13
wp		: yes
flags		: fpu vme de pse tsc msr pae mce cx8 apic sep mtrr pge mca cmov pat pse36 clflush dts acpi mmx fxsr sse sse2 ss ht tm pbe nx lm constant_tsc arch_perfmon pebs bts aperfmperf pni dtes64 monitor ds_cpl vmx smx est tm2 ssse3 cx16 xtpr pdcm sse4_1 xsave lahf_lm ida dtherm tpr_shadow vnmi flexpriority
bogomips	: 4788.22
clflush size	: 64
cache_alignment	: 64
address sizes	: 36 bits physical, 48 bits virtual
power management:

processor	: 1
vendor_id	: GenuineIntel
cpu family	: 6
model		: 23
model name	: Intel(R) Core(TM)2 Duo CPU     P8600  @ 2.40GHz
stepping	: 10
microcode	: 0xa07
cpu MHz		: 2401.000
cache size	: 3072 KB
physical id	: 0
siblings	: 2
core id		: 1
cpu cores	: 2
apicid		: 1
initial apicid	: 1
fdiv_bug	: no
hlt_bug		: no
f00f_bug	: no
coma_bug	: no
fpu		: yes
fpu_exception	: yes
cpuid level	: 13
wp		: yes
flags		: fpu vme de pse tsc msr pae mce cx8 apic sep mtrr pge mca cmov pat pse36 clflush dts acpi mmx fxsr sse sse2 ss ht tm pbe nx lm constant_tsc arch_perfmon pebs bts aperfmperf pni dtes64 monitor ds_cpl vmx smx est tm2 ssse3 cx16 xtpr pdcm sse4_1 xsave lahf_lm ida dtherm tpr_shadow vnmi flexpriority
bogomips	: 4788.22
clflush size	: 64
cache_alignment	: 64
address sizes	: 36 bits physical, 48 bits virtual
power management:



Memory: 4k page, physical 4126924k(368524k free), swap 12257272k(12200892k free)

vm_info: OpenJDK Server VM (23.2-b09) for linux-x86 JRE (1.7.0_09-b30), built on Oct 24 2012 18:03:08 by "buildd" with gcc 4.7.2

time: Wed Dec  5 17:38:58 2012
elapsed time: 4 seconds

